<?xml version="1.0" encoding="UTF-8"?>
<testng-results ignored="0" total="2" passed="2" failed="0" skipped="0">
  <reporter-output>
  </reporter-output>
  <suite started-at="2024-10-21T20:51:03 IST" name="Suite" finished-at="2024-10-21T20:54:49 IST" duration-ms="225435">
    <groups>
      <group name="Master">
        <method signature="TC1_AccRegisterTest.TC1_AccRegisterTest()[pri:0, instance:testCases.TC1_AccRegisterTest@101639ae]" name="TC1_AccRegisterTest" class="testCases.TC1_AccRegisterTest"/>
        <method signature="TC2_LoginTest.Verify_login()[pri:0, instance:testCases.TC2_LoginTest@42f8285e]" name="Verify_login" class="testCases.TC2_LoginTest"/>
      </group> <!-- Master -->
      <group name="Sanity">
        <method signature="TC2_LoginTest.Verify_login()[pri:0, instance:testCases.TC2_LoginTest@42f8285e]" name="Verify_login" class="testCases.TC2_LoginTest"/>
      </group> <!-- Sanity -->
      <group name="Regression">
        <method signature="TC1_AccRegisterTest.TC1_AccRegisterTest()[pri:0, instance:testCases.TC1_AccRegisterTest@101639ae]" name="TC1_AccRegisterTest" class="testCases.TC1_AccRegisterTest"/>
      </group> <!-- Regression -->
    </groups>
    <test started-at="2024-10-21T20:51:03 IST" name="Test" finished-at="2024-10-21T20:54:49 IST" duration-ms="225435">
      <class name="testCases.TC2_LoginTest">
        <test-method is-config="true" signature="setup(java.lang.String,java.lang.String)[pri:0, instance:testCases.TC2_LoginTest@42f8285e]" started-at="2024-10-21T20:54:07 IST" name="setup" finished-at="2024-10-21T20:54:44 IST" duration-ms="36966" status="PASS">
          <params>
            <param index="0">
              <value>
                <![CDATA[windows]]>
              </value>
            </param>
            <param index="1">
              <value>
                <![CDATA[chrome]]>
              </value>
            </param>
          </params>
          <reporter-output>
          </reporter-output>
        </test-method> <!-- setup -->
        <test-method signature="Verify_login()[pri:0, instance:testCases.TC2_LoginTest@42f8285e]" started-at="2024-10-21T20:54:44 IST" name="Verify_login" finished-at="2024-10-21T20:54:48 IST" duration-ms="3350" status="PASS">
          <reporter-output>
          </reporter-output>
        </test-method> <!-- Verify_login -->
        <test-method is-config="true" signature="close()[pri:0, instance:testCases.TC2_LoginTest@42f8285e]" started-at="2024-10-21T20:54:48 IST" name="close" finished-at="2024-10-21T20:54:49 IST" duration-ms="935" status="PASS">
          <reporter-output>
          </reporter-output>
        </test-method> <!-- close -->
      </class> <!-- testCases.TC2_LoginTest -->
      <class name="testCases.TC1_AccRegisterTest">
        <test-method is-config="true" signature="setup(java.lang.String,java.lang.String)[pri:0, instance:testCases.TC1_AccRegisterTest@101639ae]" started-at="2024-10-21T20:51:06 IST" name="setup" finished-at="2024-10-21T20:53:35 IST" duration-ms="148746" status="PASS">
          <params>
            <param index="0">
              <value>
                <![CDATA[windows]]>
              </value>
            </param>
            <param index="1">
              <value>
                <![CDATA[chrome]]>
              </value>
            </param>
          </params>
          <reporter-output>
          </reporter-output>
        </test-method> <!-- setup -->
        <test-method signature="TC1_AccRegisterTest()[pri:0, instance:testCases.TC1_AccRegisterTest@101639ae]" started-at="2024-10-21T20:53:35 IST" name="TC1_AccRegisterTest" finished-at="2024-10-21T20:53:57 IST" duration-ms="21614" status="PASS">
          <reporter-output>
          </reporter-output>
        </test-method> <!-- TC1_AccRegisterTest -->
        <test-method is-config="true" signature="close()[pri:0, instance:testCases.TC1_AccRegisterTest@101639ae]" started-at="2024-10-21T20:53:57 IST" name="close" finished-at="2024-10-21T20:54:07 IST" duration-ms="10255" status="PASS">
          <reporter-output>
          </reporter-output>
        </test-method> <!-- close -->
      </class> <!-- testCases.TC1_AccRegisterTest -->
    </test> <!-- Test -->
  </suite> <!-- Suite -->
</testng-results>
